<?xml version="1.0" encoding="UTF-8"?>
<!-- Generated by org.testng.reporters.JUnitReportReporter -->
<testsuite hostname="ELW5201" failures="0" tests="3" name="abhishekbhatacademy.Test.SubmitOrderTest" time="16.981" errors="0" timestamp="2023-07-10T08:32:59 IST" skipped="0">
  <testcase classname="abhishekbhatacademy.Test.SubmitOrderTest" name="submitorder" time="7.314"/>
  <system-out/>
  <testcase classname="abhishekbhatacademy.Test.SubmitOrderTest" name="submitorder" time="6.470"/>
  <system-out/>
  <testcase classname="abhishekbhatacademy.Test.SubmitOrderTest" name="orderHistoryTest" time="3.197"/>
  <system-out/>
</testsuite> <!-- abhishekbhatacademy.Test.SubmitOrderTest -->
