<?xml version="1.0" encoding="UTF-8"?>
<!-- Generated by org.testng.reporters.JUnitReportReporter -->
<testsuite hostname="ELW5201" failures="0" tests="1" name="abhishekbhatacademy.Test.ErrorValidationTest" time="4.999" errors="0" timestamp="2023-05-19T08:55:36 IST" skipped="0">
  <testcase classname="abhishekbhatacademy.Test.ErrorValidationTest" name="loginErrorvalidation" time="4.999"/>
  <system-out/>
</testsuite> <!-- abhishekbhatacademy.Test.ErrorValidationTest -->
