<?xml version="1.0" encoding="UTF-8"?>
<!-- Generated by org.testng.reporters.JUnitReportReporter -->
<testsuite hostname="ELW5201" failures="0" tests="1" name="abhishekbhatacademy.Test.StandaloneTestpageobj" time="9.633" errors="0" timestamp="2023-05-17T08:01:05 IST" skipped="0">
  <testcase classname="abhishekbhatacademy.Test.StandaloneTestpageobj" name="submitorder" time="9.633"/>
  <system-out/>
</testsuite> <!-- abhishekbhatacademy.Test.StandaloneTestpageobj -->
