<?xml version="1.0" encoding="UTF-8"?>
<!-- Generated by org.testng.reporters.JUnitReportReporter -->
<testsuite hostname="ELW5201" failures="0" tests="2" name="abhishekbhatacademy.Test.ErrorValidationTest" time="9.775" errors="0" timestamp="2023-07-10T08:32:59 IST" skipped="0">
  <testcase classname="abhishekbhatacademy.Test.ErrorValidationTest" name="productvalidation" time="5.780"/>
  <system-out/>
  <testcase classname="abhishekbhatacademy.Test.ErrorValidationTest" name="loginErrorvalidation" time="3.995"/>
  <system-out/>
</testsuite> <!-- abhishekbhatacademy.Test.ErrorValidationTest -->
