<?xml version="1.0" encoding="UTF-8"?>
<!-- Generated by org.testng.reporters.JUnitReportReporter -->
<testsuite hostname="ELW5201" failures="0" tests="1" name="abhishekbhatacademy.Test.SubmitOrder" time="8.588" errors="0" timestamp="2023-05-17T08:04:07 IST" skipped="0">
  <testcase classname="abhishekbhatacademy.Test.SubmitOrder" name="submitorder" time="8.588"/>
  <system-out/>
</testsuite> <!-- abhishekbhatacademy.Test.SubmitOrder -->
