<?xml version="1.0" encoding="UTF-8"?>
<!-- Generated by org.testng.reporters.JUnitReportReporter -->
<testsuite hostname="ELW5201" failures="0" tests="2" name="abhishekbhatacademy.Test.ErrorValidation" time="13.273" errors="0" timestamp="2023-05-18T04:28:20 IST" skipped="0">
  <testcase classname="abhishekbhatacademy.Test.ErrorValidation" name="loginErrorvalidation" time="6.598"/>
  <system-out/>
  <testcase classname="abhishekbhatacademy.Test.ErrorValidation" name="productvalidation" time="6.675"/>
  <system-out/>
</testsuite> <!-- abhishekbhatacademy.Test.ErrorValidation -->
