<?xml version="1.0" encoding="UTF-8"?>
<!-- Generated by org.testng.reporters.JUnitReportReporter -->
<testsuite hostname="ELW5201" failures="0" tests="2" name="abhishekbhatacademy.Test.SubmitOrderTest" time="14.798" errors="0" timestamp="2023-05-19T09:07:50 IST" skipped="0">
  <testcase classname="abhishekbhatacademy.Test.SubmitOrderTest" name="submitorder" time="8.759"/>
  <system-out/>
  <testcase classname="abhishekbhatacademy.Test.SubmitOrderTest" name="submitorder" time="6.039"/>
  <system-out/>
</testsuite> <!-- abhishekbhatacademy.Test.SubmitOrderTest -->
